
> bell24h-client@0.1.0 build
> prisma generate && next build

Environment variables loaded from .env
Prisma schema loaded from prisma\schema.prisma

✔ Generated Prisma Client (v5.22.0) to .\node_modules\@prisma\client in 290ms

Start by importing your Prisma Client (See: https://pris.ly/d/importing-client)

Tip: Want real-time updates to your database without manual polling? Discover how with Pulse: https://pris.ly/tip-0-pulse

 ⚠ Disabling SWC Minifer will not be an option in the next major version. Please report any issues you may be experiencing to https://github.com/vercel/next.js/issues
  ▲ Next.js 14.2.30
  - Environments: .env.local, .env.production, .env

   Creating an optimized production build ...
<w> [webpack.cache.PackFileCacheStrategy] Serializing big strings (108kiB) impacts deserialization performance (consider using Buffer instead and decode when needed)
 ✓ Compiled successfully
   Skipping validation of types
   Skipping linting
   Collecting page data ...
⚠️ NEXT_PUBLIC_SUPABASE_URL is not properly configured. Please set it in your .env.local file.
⚠️ NEXT_PUBLIC_SUPABASE_ANON_KEY is not properly configured. Please set it in your .env.local file.
STRIPE_SECRET_KEY is not set. Stripe payments will not work.
STRIPE_SECRET_KEY is not set. Stripe payments will not work.
⚠️ NEXT_PUBLIC_SUPABASE_URL is not properly configured. Please set it in your .env.local file.
⚠️ NEXT_PUBLIC_SUPABASE_ANON_KEY is not properly configured. Please set it in your .env.local file.
⚠️ NEXT_PUBLIC_SUPABASE_URL is not properly configured. Please set it in your .env.local file.
⚠️ NEXT_PUBLIC_SUPABASE_ANON_KEY is not properly configured. Please set it in your .env.local file.
⚠️ NEXT_PUBLIC_SUPABASE_URL is not properly configured. Please set it in your .env.local file.
⚠️ NEXT_PUBLIC_SUPABASE_ANON_KEY is not properly configured. Please set it in your .env.local file.
No categories found for static generation
No categories/subcategories found for static generation
Error: `cookies` was called outside a request scope. Read more: https://nextjs.org/docs/messages/next-dynamic-api-wrong-context
    at getExpectedRequestStore (C:\Users\Sanika\Projects\bell24h\client\node_modules\next\dist\client\components\request-async-storage.external.js:28:11)
    at Object.p [as cookies] (C:\Users\Sanika\Projects\bell24h\client\.next\server\chunks\958.js:1:8493)
    at w.getCookie (C:\Users\Sanika\Projects\bell24h\client\.next\server\chunks\958.js:1:4090)
    at w.getItem (C:\Users\Sanika\Projects\bell24h\client\.next\server\chunks\958.js:1:19555)
    at fa (C:\Users\Sanika\Projects\bell24h\client\.next\server\chunks\2438.js:1:77000)
    at Qa.__loadSession (C:\Users\Sanika\Projects\bell24h\client\.next\server\chunks\2438.js:1:109168)
    at Qa._useSession (C:\Users\Sanika\Projects\bell24h\client\.next\server\chunks\2438.js:1:108895)
    at Qa._emitInitialSession (C:\Users\Sanika\Projects\bell24h\client\.next\server\chunks\2438.js:1:117141)
    at C:\Users\Sanika\Projects\bell24h\client\.next\server\chunks\2438.js:1:117040
    at C:\Users\Sanika\Projects\bell24h\client\.next\server\chunks\2438.js:1:108448
Error: `cookies` was called outside a request scope. Read more: https://nextjs.org/docs/messages/next-dynamic-api-wrong-context
    at getExpectedRequestStore (C:\Users\Sanika\Projects\bell24h\client\node_modules\next\dist\client\components\request-async-storage.external.js:28:11)
    at Object.p [as cookies] (C:\Users\Sanika\Projects\bell24h\client\.next\server\chunks\958.js:1:8493)
    at w.getCookie (C:\Users\Sanika\Projects\bell24h\client\.next\server\chunks\958.js:1:4090)
    at w.getItem (C:\Users\Sanika\Projects\bell24h\client\.next\server\chunks\958.js:1:19555)
    at fa (C:\Users\Sanika\Projects\bell24h\client\.next\server\chunks\2438.js:1:77000)
    at Qa.__loadSession (C:\Users\Sanika\Projects\bell24h\client\.next\server\chunks\2438.js:1:109168)
    at Qa._useSession (C:\Users\Sanika\Projects\bell24h\client\.next\server\chunks\2438.js:1:108895)
    at Qa._emitInitialSession (C:\Users\Sanika\Projects\bell24h\client\.next\server\chunks\2438.js:1:117141)
    at C:\Users\Sanika\Projects\bell24h\client\.next\server\chunks\2438.js:1:117040
    at C:\Users\Sanika\Projects\bell24h\client\.next\server\chunks\2438.js:1:108448
   Generating static pages (0/186) ...
Dashboard API error: r [Error]: Dynamic server usage: Route /api/admin/launch-metrics couldn't be rendered statically because it used `cookies`. See more info here: https://nextjs.org/docs/messages/dynamic-server-error
    at d (C:\Users\Sanika\Projects\bell24h\client\.next\server\chunks\8948.js:1:37427)
    at Object.p [as cookies] (C:\Users\Sanika\Projects\bell24h\client\.next\server\chunks\958.js:1:8450)
    at x.getCookie (C:\Users\Sanika\Projects\bell24h\client\.next\server\chunks\958.js:1:4828)
    at x.getItem (C:\Users\Sanika\Projects\bell24h\client\.next\server\chunks\958.js:1:19555)
    at fa (C:\Users\Sanika\Projects\bell24h\client\.next\server\chunks\2438.js:1:77000)
    at Qa.__loadSession (C:\Users\Sanika\Projects\bell24h\client\.next\server\chunks\2438.js:1:109168)
    at Qa._useSession (C:\Users\Sanika\Projects\bell24h\client\.next\server\chunks\2438.js:1:108895)
    at C:\Users\Sanika\Projects\bell24h\client\.next\server\chunks\2438.js:1:107952
    at C:\Users\Sanika\Projects\bell24h\client\.next\server\chunks\2438.js:1:108196 {
  description: "Route /api/admin/launch-metrics couldn't be rendered statically because it used `cookies`. See more info here: https://nextjs.org/docs/messages/dynamic-server-error",
  digest: 'DYNAMIC_SERVER_USAGE'
}
Fixed DATABASE_URL to external Railway URL
Dashboard metrics error: r [Error]: Dynamic server usage: Route /api/dashboard/metrics couldn't be rendered statically because it used `cookies`. See more info here: https://nextjs.org/docs/messages/dynamic-server-error
    at d (C:\Users\Sanika\Projects\bell24h\client\.next\server\chunks\8948.js:1:37427)
    at Object.p [as cookies] (C:\Users\Sanika\Projects\bell24h\client\.next\server\chunks\958.js:1:8450)
    at x.getCookie (C:\Users\Sanika\Projects\bell24h\client\.next\server\chunks\958.js:1:4828)
    at x.getItem (C:\Users\Sanika\Projects\bell24h\client\.next\server\chunks\958.js:1:19555)
    at fa (C:\Users\Sanika\Projects\bell24h\client\.next\server\chunks\2438.js:1:77000)
    at Qa.__loadSession (C:\Users\Sanika\Projects\bell24h\client\.next\server\chunks\2438.js:1:109168)
    at Qa._useSession (C:\Users\Sanika\Projects\bell24h\client\.next\server\chunks\2438.js:1:108895)
    at C:\Users\Sanika\Projects\bell24h\client\.next\server\chunks\2438.js:1:107952
    at C:\Users\Sanika\Projects\bell24h\client\.next\server\chunks\2438.js:1:108196 {
  description: "Route /api/dashboard/metrics couldn't be rendered statically because it used `cookies`. See more info here: https://nextjs.org/docs/messages/dynamic-server-error",
  digest: 'DYNAMIC_SERVER_USAGE'
}
STRIPE_SECRET_KEY is not set. Stripe payments will not work.
STRIPE_SECRET_KEY is not set. Stripe payments will not work.
prisma:error 
Invalid `prisma.$queryRaw()` invocation:


Authentication failed against database server at `localhost`, the provided database credentials for `username` are not valid.

Please make sure to provide valid database credentials for the database server at `localhost`.
Database error in undefined.$queryRaw: PrismaClientInitializationError: 
Invalid `prisma.$queryRaw()` invocation:


Authentication failed against database server at `localhost`, the provided database credentials for `username` are not valid.

Please make sure to provide valid database credentials for the database server at `localhost`.
    at $n.handleRequestError (C:\Users\Sanika\Projects\bell24h\client\node_modules\@prisma\client\runtime\library.js:121:7615)
    at $n.handleAndLogRequestError (C:\Users\Sanika\Projects\bell24h\client\node_modules\@prisma\client\runtime\library.js:121:6623)
    at $n.request (C:\Users\Sanika\Projects\bell24h\client\node_modules\@prisma\client\runtime\library.js:121:6307)
    at async Array.$allOperations (C:\Users\Sanika\Projects\bell24h\client\.next\server\app\api\enterprise\white-label\route.js:1:4664)
    at async l (C:\Users\Sanika\Projects\bell24h\client\node_modules\@prisma\client\runtime\library.js:130:9633)
    at async u (C:\Users\Sanika\Projects\bell24h\client\.next\server\app\api\health\connections\route.js:1:577)
    at async C:\Users\Sanika\Projects\bell24h\client\node_modules\next\dist\compiled\next-server\app-route.runtime.prod.js:6:38411
    at async e_.execute (C:\Users\Sanika\Projects\bell24h\client\node_modules\next\dist\compiled\next-server\app-route.runtime.prod.js:6:27880)
    at async e_.handle (C:\Users\Sanika\Projects\bell24h\client\node_modules\next\dist\compiled\next-server\app-route.runtime.prod.js:6:39943)
    at async exportAppRoute (C:\Users\Sanika\Projects\bell24h\client\node_modules\next\dist\export\routes\app-route.js:77:26) {
  clientVersion: '5.22.0',
  errorCode: undefined
}
Connection monitoring API error: PrismaClientInitializationError: 
Invalid `prisma.$queryRaw()` invocation:


Authentication failed against database server at `localhost`, the provided database credentials for `username` are not valid.

Please make sure to provide valid database credentials for the database server at `localhost`.
    at $n.handleRequestError (C:\Users\Sanika\Projects\bell24h\client\node_modules\@prisma\client\runtime\library.js:121:7615)
    at $n.handleAndLogRequestError (C:\Users\Sanika\Projects\bell24h\client\node_modules\@prisma\client\runtime\library.js:121:6623)
    at $n.request (C:\Users\Sanika\Projects\bell24h\client\node_modules\@prisma\client\runtime\library.js:121:6307)
    at async Array.$allOperations (C:\Users\Sanika\Projects\bell24h\client\.next\server\app\api\enterprise\white-label\route.js:1:4664)
    at async l (C:\Users\Sanika\Projects\bell24h\client\node_modules\@prisma\client\runtime\library.js:130:9633)
    at async u (C:\Users\Sanika\Projects\bell24h\client\.next\server\app\api\health\connections\route.js:1:577)
    at async C:\Users\Sanika\Projects\bell24h\client\node_modules\next\dist\compiled\next-server\app-route.runtime.prod.js:6:38411
    at async e_.execute (C:\Users\Sanika\Projects\bell24h\client\node_modules\next\dist\compiled\next-server\app-route.runtime.prod.js:6:27880)
    at async e_.handle (C:\Users\Sanika\Projects\bell24h\client\node_modules\next\dist\compiled\next-server\app-route.runtime.prod.js:6:39943)
    at async exportAppRoute (C:\Users\Sanika\Projects\bell24h\client\node_modules\next\dist\export\routes\app-route.js:77:26) {
  clientVersion: '5.22.0',
  errorCode: undefined
}
   Generating static pages (46/186) 
Setup status API error: r [Error]: Dynamic server usage: Route /api/setup/status couldn't be rendered statically because it used `cookies`. See more info here: https://nextjs.org/docs/messages/dynamic-server-error
    at d (C:\Users\Sanika\Projects\bell24h\client\.next\server\chunks\8948.js:1:37427)
    at Object.p [as cookies] (C:\Users\Sanika\Projects\bell24h\client\.next\server\chunks\958.js:1:8450)
    at x.getCookie (C:\Users\Sanika\Projects\bell24h\client\.next\server\chunks\958.js:1:4828)
    at x.getItem (C:\Users\Sanika\Projects\bell24h\client\.next\server\chunks\958.js:1:19555)
    at fa (C:\Users\Sanika\Projects\bell24h\client\.next\server\chunks\2438.js:1:77000)
    at Qa.__loadSession (C:\Users\Sanika\Projects\bell24h\client\.next\server\chunks\2438.js:1:109168)
    at Qa._useSession (C:\Users\Sanika\Projects\bell24h\client\.next\server\chunks\2438.js:1:108895)
    at C:\Users\Sanika\Projects\bell24h\client\.next\server\chunks\2438.js:1:107952
    at C:\Users\Sanika\Projects\bell24h\client\.next\server\chunks\2438.js:1:108196 {
  description: "Route /api/setup/status couldn't be rendered statically because it used `cookies`. See more info here: https://nextjs.org/docs/messages/dynamic-server-error",
  digest: 'DYNAMIC_SERVER_USAGE'
}
Database test error: PrismaClientInitializationError: 
Invalid `prisma.user.count()` invocation:


Authentication failed against database server at `localhost`, the provided database credentials for `username` are not valid.

Please make sure to provide valid database credentials for the database server at `localhost`.
    at $n.handleRequestError (C:\Users\Sanika\Projects\bell24h\client\node_modules\@prisma\client\runtime\library.js:121:7615)
    at $n.handleAndLogRequestError (C:\Users\Sanika\Projects\bell24h\client\node_modules\@prisma\client\runtime\library.js:121:6623)
    at $n.request (C:\Users\Sanika\Projects\bell24h\client\node_modules\@prisma\client\runtime\library.js:121:6307)
    at async l (C:\Users\Sanika\Projects\bell24h\client\node_modules\@prisma\client\runtime\library.js:130:9633)
    at async u (C:\Users\Sanika\Projects\bell24h\client\.next\server\app\api\test-db\route.js:1:607)
    at async C:\Users\Sanika\Projects\bell24h\client\node_modules\next\dist\compiled\next-server\app-route.runtime.prod.js:6:38411
    at async e_.execute (C:\Users\Sanika\Projects\bell24h\client\node_modules\next\dist\compiled\next-server\app-route.runtime.prod.js:6:27880)
    at async e_.handle (C:\Users\Sanika\Projects\bell24h\client\node_modules\next\dist\compiled\next-server\app-route.runtime.prod.js:6:39943)
    at async exportAppRoute (C:\Users\Sanika\Projects\bell24h\client\node_modules\next\dist\export\routes\app-route.js:77:26)
    at async exportPageImpl (C:\Users\Sanika\Projects\bell24h\client\node_modules\next\dist\export\worker.js:175:20) {
  clientVersion: '5.22.0',
  errorCode: undefined
}
⚠️ NEXT_PUBLIC_SUPABASE_URL is not properly configured. Please set it in your .env.local file.
⚠️ NEXT_PUBLIC_SUPABASE_ANON_KEY is not properly configured. Please set it in your .env.local file.
Wallet API error: r [Error]: Dynamic server usage: Route /api/wallet couldn't be rendered statically because it used `cookies`. See more info here: https://nextjs.org/docs/messages/dynamic-server-error
    at d (C:\Users\Sanika\Projects\bell24h\client\.next\server\chunks\8948.js:1:37427)
    at Object.p [as cookies] (C:\Users\Sanika\Projects\bell24h\client\.next\server\chunks\958.js:1:8450)
    at x.getCookie (C:\Users\Sanika\Projects\bell24h\client\.next\server\chunks\958.js:1:4828)
    at x.getItem (C:\Users\Sanika\Projects\bell24h\client\.next\server\chunks\958.js:1:19555)
    at fa (C:\Users\Sanika\Projects\bell24h\client\.next\server\chunks\2438.js:1:77000)
    at Qa.__loadSession (C:\Users\Sanika\Projects\bell24h\client\.next\server\chunks\2438.js:1:109168)
    at Qa._useSession (C:\Users\Sanika\Projects\bell24h\client\.next\server\chunks\2438.js:1:108895)
    at C:\Users\Sanika\Projects\bell24h\client\.next\server\chunks\2438.js:1:107952
    at C:\Users\Sanika\Projects\bell24h\client\.next\server\chunks\2438.js:1:108196 {
  description: "Route /api/wallet couldn't be rendered statically because it used `cookies`. See more info here: https://nextjs.org/docs/messages/dynamic-server-error",
  digest: 'DYNAMIC_SERVER_USAGE'
}
   Generating static pages (92/186) 
   Generating static pages (139/186) 
 ✓ Generating static pages (186/186)
   Finalizing page optimization ...
   Collecting build traces ...

Route (app)                               Size     First Load JS
┌ ○ /                                     5.56 kB         103 kB
├ ○ /_not-found                           909 B          89.1 kB
├ ○ /about                                2.7 kB           98 kB
├ ○ /admin/audit/video                    7.18 kB         102 kB
├ ○ /admin/crm                            3.41 kB        91.6 kB
├ ○ /admin/dashboard                      3.8 kB           92 kB
├ ○ /admin/launch-metrics                 3.13 kB        91.3 kB
├ ○ /admin/login                          453 B          88.6 kB
├ ○ /ai-dashboard                         2.16 kB        90.3 kB
├ ○ /ai-insights                          4.06 kB        92.2 kB
├ ○ /analytics                            3.84 kB         106 kB
├ ○ /analytics-dashboard                  1.81 kB         103 kB
├ ○ /analytics-pro                        167 B          88.3 kB
├ ○ /analytics/traffic                    2.35 kB         198 kB
├ ƒ /api/admin/crm/overview               0 B                0 B
├ ƒ /api/admin/launch-metrics             0 B                0 B
├ ƒ /api/admin/stats                      0 B                0 B
├ ƒ /api/ai/explain                       0 B                0 B
├ ƒ /api/ai/explain-match                 0 B                0 B
├ ƒ /api/ai/financial-health              0 B                0 B
├ ƒ /api/ai/generate-description          0 B                0 B
├ ƒ /api/ai/match                         0 B                0 B
├ ƒ /api/ai/sales-assistant               0 B                0 B
├ ƒ /api/analytics/engagement             0 B                0 B
├ ƒ /api/analytics/launch-metrics         0 B                0 B
├ ƒ /api/analytics/setup                  0 B                0 B
├ ƒ /api/analytics/traffic                0 B                0 B
├ ƒ /api/auth/callback                    0 B                0 B
├ ƒ /api/auth/supabase                    0 B                0 B
├ ƒ /api/categories                       0 B                0 B
├ ƒ /api/dashboard/metrics                0 B                0 B
├ ○ /api/debug-env                        0 B                0 B
├ ƒ /api/email/order-confirmation         0 B                0 B
├ ƒ /api/email/rfq-notification           0 B                0 B
├ ƒ /api/email/rfq-update                 0 B                0 B
├ ƒ /api/email/test                       0 B                0 B
├ ƒ /api/email/welcome                    0 B                0 B
├ ƒ /api/enterprise/admin/dashboard       0 B                0 B
├ ○ /api/enterprise/api-docs              0 B                0 B
├ ƒ /api/enterprise/bulk-operations       0 B                0 B
├ ƒ /api/enterprise/support               0 B                0 B
├ ƒ /api/enterprise/white-label           0 B                0 B
├ ○ /api/escrow                           0 B                0 B
├ ƒ /api/esg/scoring                      0 B                0 B
├ ƒ /api/feedback                         0 B                0 B
├ ƒ /api/fix-columns                      0 B                0 B
├ ○ /api/fix-db                           0 B                0 B
├ ƒ /api/fix-db-columns                   0 B                0 B
├ ○ /api/health                           0 B                0 B
├ ƒ /api/health/cleanup                   0 B                0 B
├ ƒ /api/health/connections               0 B                0 B
├ ƒ /api/health/database                  0 B                0 B
├ ƒ /api/homepage-stats                   0 B                0 B
├ ƒ /api/init-db                          0 B                0 B
├ ƒ /api/market/stock-data                0 B                0 B
├ ƒ /api/orders                           0 B                0 B
├ ƒ /api/payment/create-order             0 B                0 B
├ ƒ /api/payment/paypal/create-order      0 B                0 B
├ ƒ /api/payment/stripe/confirm           0 B                0 B
├ ƒ /api/payment/stripe/create-intent     0 B                0 B
├ ƒ /api/payment/verify                   0 B                0 B
├ ƒ /api/payments/methods                 0 B                0 B
├ ○ /api/pricing                          0 B                0 B
├ ƒ /api/products                         0 B                0 B
├ ƒ /api/products/[id]/videos             0 B                0 B
├ ƒ /api/products/create                  0 B                0 B
├ ƒ /api/quotes                           0 B                0 B
├ ƒ /api/register                         0 B                0 B
├ ƒ /api/rfq                              0 B                0 B
├ ƒ /api/rfq/generate-report              0 B                0 B
├ ○ /api/risk-score                       0 B                0 B
├ ƒ /api/risk-score/[supplierId]          0 B                0 B
├ ƒ /api/setup-db                         0 B                0 B
├ ƒ /api/setup/complete                   0 B                0 B
├ ƒ /api/setup/status                     0 B                0 B
├ ƒ /api/shipping/shiprocket              0 B                0 B
├ ƒ /api/stock-trends                     0 B                0 B
├ ƒ /api/supplier/risk-score              0 B                0 B
├ ƒ /api/supplier/upload-kyc              0 B                0 B
├ ƒ /api/test-db                          0 B                0 B
├ ○ /api/test-env                         0 B                0 B
├ ○ /api/test-railway                     0 B                0 B
├ ƒ /api/test-session                     0 B                0 B
├ ƒ /api/test-supabase                    0 B                0 B
├ ƒ /api/test/database                    0 B                0 B
├ ○ /api/test/env                         0 B                0 B
├ ƒ /api/test/registration                0 B                0 B
├ ƒ /api/traffic/update                   0 B                0 B
├ ƒ /api/upload-video                     0 B                0 B
├ ƒ /api/users/[id]/videos                0 B                0 B
├ ƒ /api/verify-gst                       0 B                0 B
├ ƒ /api/video/stream/[id]                0 B                0 B
├ ƒ /api/video/upload                     0 B                0 B
├ ƒ /api/voice-rfq                        0 B                0 B
├ ƒ /api/voice/rfq                        0 B                0 B
├ ƒ /api/voice/upload                     0 B                0 B
├ ƒ /api/wallet                           0 B                0 B
├ ƒ /api/wallet/link-bank                 0 B                0 B
├ ○ /auth/forgot-password                 2.49 kB         142 kB
├ ○ /auth/login                           3.29 kB         143 kB
├ ○ /auth/register                        4.17 kB         101 kB
├ ○ /auth/reset-password                  1.8 kB           90 kB
├ ○ /auth/signin                          575 B          88.7 kB
├ ○ /auth/simple                          1.98 kB          99 kB
├ ○ /buyer/analytics                      2.84 kB        99.8 kB
├ ○ /buyer/orders                         3.06 kB         100 kB
├ ○ /buyer/rfq/create                     2.44 kB        99.4 kB
├ ○ /buyer/suppliers                      3.47 kB         100 kB
├ ○ /categories                           2.38 kB        99.4 kB
├ ● /categories/[slug]                    193 B          97.2 kB
├ ● /categories/[slug]/[subcategorySlug]  193 B          97.2 kB
├ ○ /comprehensive-assessment             9.47 kB        97.6 kB
├ ○ /contact                              3.59 kB        98.9 kB
├ ○ /dashboard                            3.66 kB         135 kB
├ ○ /dashboard/advanced-analytics         35.2 kB         131 kB
├ ○ /dashboard/ai-features                17.7 kB         218 kB
├ ○ /dashboard/ai-matching                3.01 kB        91.2 kB
├ ○ /dashboard/analytics                  1.62 kB        89.8 kB
├ ○ /dashboard/chatbot                    4.58 kB        92.7 kB
├ ○ /dashboard/comprehensive              2.94 kB         105 kB
├ ○ /dashboard/ecgc                       5.3 kB         93.5 kB
├ ○ /dashboard/esg                        4.77 kB         200 kB
├ ○ /dashboard/help                       1.42 kB        89.6 kB
├ ○ /dashboard/logistics                  2.16 kB        90.3 kB
├ ○ /dashboard/planning                   3.54 kB        91.7 kB
├ ○ /dashboard/predictive-analytics       624 B          88.8 kB
├ ○ /dashboard/reports                    1.4 kB         89.6 kB
├ ○ /dashboard/rfq                        1.17 kB        89.3 kB
├ ○ /dashboard/settings                   749 B          88.9 kB
├ ○ /dashboard/shipping                   4.47 kB        92.6 kB
├ ○ /dashboard/showcase                   2.4 kB         90.6 kB
├ ○ /dashboard/supplier-risk              620 B          88.8 kB
├ ○ /dashboard/video-rfq                  1.24 kB        89.4 kB
├ ○ /dashboard/voice-rfq                  3.46 kB        91.6 kB
├ ○ /dashboard/wallet                     39.4 kB         165 kB
├ ○ /deployment-fix                       5.88 kB         101 kB
├ ○ /ecgc-calculator                      2.79 kB          91 kB
├ ○ /enterprise-demo                      2.68 kB        90.8 kB
├ ○ /escrow                               3.14 kB        91.3 kB
├ ○ /escrow/create                        3.04 kB        91.2 kB
├ ○ /esg                                  3.31 kB         105 kB
├ ○ /feature-testing-guide                6.08 kB        94.3 kB
├ ○ /finance                              3.62 kB        91.8 kB
├ ○ /fintech                              3.63 kB        91.8 kB
├ ○ /help                                 3.06 kB        91.2 kB
├ ○ /invoice-discounting                  3.55 kB        91.7 kB
├ ○ /launch-metrics                       1.9 kB         90.1 kB
├ ○ /launch-plan                          4.47 kB        92.6 kB
├ ○ /legal/aml-policy                     5.59 kB        93.8 kB
├ ○ /legal/escrow-agreement               3.23 kB         100 kB
├ ○ /legal/privacy-policy                 3.22 kB        91.4 kB
├ ○ /legal/terms-of-service               167 B          88.3 kB
├ ○ /legal/wallet-terms                   4.69 kB        92.9 kB
├ ○ /login                                2.06 kB         133 kB
├ ○ /logistics                            2.76 kB        90.9 kB
├ ○ /marketplace                          3.81 kB         101 kB
├ ○ /mic-test                             2.73 kB        99.7 kB
├ ○ /orders                               3.38 kB        98.6 kB
├ ○ /page-simple                          1.32 kB        89.5 kB
├ ○ /payment/failure                      2.44 kB        99.4 kB
├ ○ /payment/success                      2.4 kB         99.4 kB
├ ○ /predictive-analytics                 11.9 kB         109 kB
├ ○ /pricing                              713 B          88.9 kB
├ ○ /privacy                              3.51 kB        91.7 kB
├ ○ /privacy-policy                       3.62 kB        98.9 kB
├ ○ /product-showcase                     4.27 kB        92.4 kB
├ ○ /products/manage                      3.18 kB        91.3 kB
├ ○ /products/showcase                    5.38 kB        93.6 kB
├ ○ /products/upload                      21.3 kB         109 kB
├ ○ /register                             1.69 kB        89.9 kB
├ ○ /rfq                                  3.49 kB        98.8 kB
├ ƒ /rfq/[id]                             13.5 kB         110 kB
├ ○ /rfq/create                           5.95 kB        94.1 kB
├ ○ /robots.txt                           0 B                0 B
├ ○ /search                               2.06 kB          99 kB
├ ○ /search-results                       3.27 kB        91.4 kB
├ ○ /security                             8.78 kB         134 kB
├ ○ /services                             1.91 kB        90.1 kB
├ ○ /settings                             12.5 kB         143 kB
├ ○ /sitemap.xml                          0 B                0 B
├ ○ /smart-matching                       7.12 kB        95.3 kB
├ ƒ /supplier/[id]                        5.26 kB        93.4 kB
├ ○ /supplier/dashboard                   2.17 kB        99.2 kB
├ ○ /supplier/kyc-upload                  1.84 kB          90 kB
├ ○ /supplier/products/add                1.95 kB        90.1 kB
├ ○ /suppliers                            4.04 kB         101 kB
├ ƒ /suppliers/[id]                       1.8 kB         98.8 kB
├ ○ /terms                                2.51 kB        90.7 kB
├ ○ /terms-of-service                     3.95 kB        99.2 kB
├ ○ /test                                 167 B          88.3 kB
├ ○ /test-features                        2.27 kB        90.4 kB
├ ○ /test-page                            0 B                0 B
├ ○ /test-redirect                        771 B          88.9 kB
├ ○ /trading                              3.31 kB        91.5 kB
├ ○ /trading/analysis                     1.33 kB        89.5 kB
├ ○ /trading/orders                       2.9 kB         91.1 kB
├ ○ /trading/portfolio                    2.42 kB        90.6 kB
├ ○ /traffic                              2.65 kB        90.8 kB
├ ○ /traffic-analytics                    3.18 kB        91.3 kB
├ ○ /video-rfq                            3.33 kB        91.5 kB
├ ○ /voice-rfq                            679 B          88.8 kB
└ ○ /wallet                               4.58 kB        92.7 kB
+ First Load JS shared by all             88.2 kB
  ├ chunks/2117-543e12202f7cbe2e.js       32 kB
  ├ chunks/fd9d1056-0e220e6f89e94b87.js   54 kB
  └ other shared chunks (total)           2.21 kB

Route (pages)                             Size     First Load JS
─ ƒ /[country]                            12.3 kB        95.6 kB
+ First Load JS shared by all             83.3 kB
  ├ chunks/framework-f43f48b8dc547623.js  45.2 kB
  ├ chunks/main-d61252f773ad0ee5.js       35.9 kB
  └ other shared chunks (total)           2.19 kB

ƒ Middleware                              60.2 kB

○  (Static)   prerendered as static content
●  (SSG)      prerendered as static HTML (uses getStaticProps)
ƒ  (Dynamic)  server-rendered on demand


> bell24h-client@0.1.0 postbuild
> echo 'Build completed successfully'

'Build completed successfully'
